GROUP,PACKAGE,CLASS,INSTRUCTION_MISSED,INSTRUCTION_COVERED,BRANCH_MISSED,BRANCH_COVERED,LINE_MISSED,LINE_COVERED,COMPLEXITY_MISSED,COMPLEXITY_COVERED,METHOD_MISSED,METHOD_COVERED
GeoMesa HBase DataStore,org.locationtech.geomesa.hbase,package.HBaseSystemProperties.,232,0,0,0,23,0,23,0,23,0
GeoMesa HBase DataStore,org.locationtech.geomesa.hbase,package.,8,0,0,0,2,0,2,0,2,0
GeoMesa HBase DataStore,org.locationtech.geomesa.hbase.data,HBaseConnectionPool.ConfigKey.,36,0,2,0,1,0,7,0,6,0
GeoMesa HBase DataStore,org.locationtech.geomesa.hbase.data,HBaseDataStoreFactory.HBaseDataStoreConfig,352,0,68,0,11,0,66,0,28,0
GeoMesa HBase DataStore,org.locationtech.geomesa.hbase.data,HBaseDataStoreFactory.,446,0,24,0,55,0,33,0,21,0
GeoMesa HBase DataStore,org.locationtech.geomesa.hbase.data,HBaseDataStoreFactory.CoprocessorConfig.,45,0,2,0,1,0,7,0,6,0
GeoMesa HBase DataStore,org.locationtech.geomesa.hbase.data,HBaseBackedMetadata.state.,13,0,0,0,3,0,2,0,2,0
GeoMesa HBase DataStore,org.locationtech.geomesa.hbase.data,HBaseQueryPlan.TableScan.,33,0,2,0,1,0,7,0,6,0
GeoMesa HBase DataStore,org.locationtech.geomesa.hbase.data,HBaseDataStore,1044,0,74,0,70,0,81,0,44,0
GeoMesa HBase DataStore,org.locationtech.geomesa.hbase.data,HBaseDataStoreFactory..anonfun.enabled.lzycompute.1.new Serializable() {...},47,0,8,0,3,0,7,0,3,0
GeoMesa HBase DataStore,org.locationtech.geomesa.hbase.data,HBaseDataStore.,15,0,0,0,3,0,3,0,3,0
GeoMesa HBase DataStore,org.locationtech.geomesa.hbase.data,HBaseIndexAdapter.HBaseIndexWriter,718,0,40,0,82,0,58,0,38,0
GeoMesa HBase DataStore,org.locationtech.geomesa.hbase.data,HBaseQueryPlan.,82,0,2,0,7,0,7,0,6,0
GeoMesa HBase DataStore,org.locationtech.geomesa.hbase.data,HBaseDataStoreFactory.HBaseDataStoreConfig.,56,0,2,0,1,0,7,0,6,0
GeoMesa HBase DataStore,org.locationtech.geomesa.hbase.data,HBaseBackedMetadata.,22,0,0,0,4,0,4,0,4,0
GeoMesa HBase DataStore,org.locationtech.geomesa.hbase.data,HBaseIndexAdapter.,432,0,40,0,39,0,52,0,32,0
GeoMesa HBase DataStore,org.locationtech.geomesa.hbase.data,HBaseQueryPlan.LocalProcessorScanPlan.,48,0,2,0,1,0,7,0,6,0
GeoMesa HBase DataStore,org.locationtech.geomesa.hbase.data,HBaseQueryPlan,343,0,2,0,17,0,34,0,33,0
GeoMesa HBase DataStore,org.locationtech.geomesa.hbase.data,HBaseDataStoreFactory,369,0,20,0,50,0,31,0,21,0
GeoMesa HBase DataStore,org.locationtech.geomesa.hbase.data,HBaseIndexAdapter..anonfun..nestedInanonfun.dynamicJarPath.1.new Serializable() {...},36,0,4,0,2,0,5,0,3,0
GeoMesa HBase DataStore,org.locationtech.geomesa.hbase.data,HBaseConnectionPool.,618,0,72,0,62,0,53,0,17,0
GeoMesa HBase DataStore,org.locationtech.geomesa.hbase.data,HBaseDataStoreFactory.HBaseQueryConfig,202,0,32,0,7,0,38,0,20,0
GeoMesa HBase DataStore,org.locationtech.geomesa.hbase.data,HBaseIndexAdapter.BufferedMutatorIsFlushable.,46,0,0,0,2,0,12,0,12,0
GeoMesa HBase DataStore,org.locationtech.geomesa.hbase.data,HBaseQueryPlan.CoprocessorPlan,427,0,78,0,17,0,82,0,39,0
GeoMesa HBase DataStore,org.locationtech.geomesa.hbase.data,HBaseConnectionPool.SingletonConnection,137,0,23,0,2,0,27,0,15,0
GeoMesa HBase DataStore,org.locationtech.geomesa.hbase.data,HBaseQueryPlan.TableScan,117,0,23,0,1,0,26,0,14,0
GeoMesa HBase DataStore,org.locationtech.geomesa.hbase.data,HBaseConnectionPool.SingletonConnection.,33,0,2,0,1,0,7,0,6,0
GeoMesa HBase DataStore,org.locationtech.geomesa.hbase.data,HBaseConnectionPool.CachedConnection.,33,0,2,0,1,0,7,0,6,0
GeoMesa HBase DataStore,org.locationtech.geomesa.hbase.data,HBaseQueryPlan.ScanPlan,316,0,65,0,13,0,69,0,33,0
GeoMesa HBase DataStore,org.locationtech.geomesa.hbase.data,HBaseQueryPlan.ScanPlan.,51,0,2,0,1,0,7,0,6,0
GeoMesa HBase DataStore,org.locationtech.geomesa.hbase.data,HBaseDataStoreParams,87,0,0,0,0,0,29,0,29,0
GeoMesa HBase DataStore,org.locationtech.geomesa.hbase.data,HBaseConnectionPool.ConfigKey,144,0,30,0,1,0,32,0,16,0
GeoMesa HBase DataStore,org.locationtech.geomesa.hbase.data,HBaseConnectionPool..anonfun.missing.lzycompute.1.new Serializable() {...},41,0,8,0,1,0,7,0,3,0
GeoMesa HBase DataStore,org.locationtech.geomesa.hbase.data,HBaseDataStoreParams.,1202,0,0,0,117,0,43,0,43,0
GeoMesa HBase DataStore,org.locationtech.geomesa.hbase.data,HBaseIndexAdapter,2373,0,120,0,195,0,171,0,111,0
GeoMesa HBase DataStore,org.locationtech.geomesa.hbase.data,HBaseDataStoreFactory.EnabledCoprocessors.,43,0,2,0,1,0,7,0,6,0
GeoMesa HBase DataStore,org.locationtech.geomesa.hbase.data,HBaseDataStoreFactory.CoprocessorConfig,207,0,34,0,6,0,39,0,20,0
GeoMesa HBase DataStore,org.locationtech.geomesa.hbase.data,HBaseConnectionPool.CachedConnection,118,0,23,0,2,0,27,0,15,0
GeoMesa HBase DataStore,org.locationtech.geomesa.hbase.data,HBaseQueryPlan.EmptyPlan,182,0,30,0,10,0,44,0,28,0
GeoMesa HBase DataStore,org.locationtech.geomesa.hbase.data,HBaseDataStoreFactory.HBaseQueryConfig.,46,0,2,0,1,0,7,0,6,0
GeoMesa HBase DataStore,org.locationtech.geomesa.hbase.data,HBaseQueryPlan.EmptyPlan.,36,0,2,0,1,0,7,0,6,0
GeoMesa HBase DataStore,org.locationtech.geomesa.hbase.data,HBaseBackedMetadata,500,0,18,0,20,0,68,0,59,0
GeoMesa HBase DataStore,org.locationtech.geomesa.hbase.data,HBaseIndexAdapter.HBaseResultsToFeatures,37,0,0,0,6,0,3,0,3,0
GeoMesa HBase DataStore,org.locationtech.geomesa.hbase.data,HBaseConnectionPool..anon.new Thread() {...},51,0,2,0,2,0,4,0,3,0
GeoMesa HBase DataStore,org.locationtech.geomesa.hbase.data,LoginUserProvider,8,0,0,0,2,0,2,0,2,0
GeoMesa HBase DataStore,org.locationtech.geomesa.hbase.data,HBaseConnectionPool..anon.new PrivilegedExceptionAction() {...},16,0,0,0,3,0,2,0,2,0
GeoMesa HBase DataStore,org.locationtech.geomesa.hbase.data,HBaseConnectionPool.ProvidedConnection,91,0,16,0,2,0,21,0,13,0
GeoMesa HBase DataStore,org.locationtech.geomesa.hbase.data,HBaseDataStoreFactory.EnabledCoprocessors,177,0,29,0,1,0,34,0,18,0
GeoMesa HBase DataStore,org.locationtech.geomesa.hbase.data,HBaseConnectionPool.ProvidedConnection.,27,0,2,0,1,0,7,0,6,0
GeoMesa HBase DataStore,org.locationtech.geomesa.hbase.data,HBaseQueryPlan.CoprocessorPlan.,54,0,2,0,1,0,7,0,6,0
GeoMesa HBase DataStore,org.locationtech.geomesa.hbase.data,HBaseDataStore.NoAuthsProvider.,11,0,0,0,3,0,4,0,4,0
GeoMesa HBase DataStore,org.locationtech.geomesa.hbase.data,HBaseQueryPlan.LocalProcessorScanPlan,378,0,58,0,16,0,75,0,43,0
GeoMesa HBase DataStore,org.locationtech.geomesa.hbase.data,HBaseIndexAdapter..anon.new IndexAdapter.RequiredVisibilityWriter() {...},29,0,0,0,1,0,5,0,5,0
GeoMesa HBase DataStore,org.locationtech.geomesa.hbase.data,HBaseConnectionPool..anon.new CacheLoader() {...},232,0,14,0,14,0,30,0,23,0
GeoMesa HBase DataStore,org.locationtech.geomesa.hbase.data,HBaseConnectionPool,18,0,0,0,0,0,4,0,4,0
GeoMesa HBase DataStore,org.locationtech.geomesa.hbase.data,HBaseConnectionPool..anon.new CacheLoader() {...},68,0,2,0,4,0,8,0,7,0
GeoMesa HBase DataStore,org.locationtech.geomesa.hbase.aggregators,HBaseBinAggregator.HBaseBinResultsToFeatures,5,0,0,0,2,0,2,0,2,0
GeoMesa HBase DataStore,org.locationtech.geomesa.hbase.aggregators,HBaseArrowAggregator.HBaseArrowResultsToFeatures,5,0,0,0,2,0,2,0,2,0
GeoMesa HBase DataStore,org.locationtech.geomesa.hbase.aggregators,HBaseStatsAggregator.HBaseStatsResultsToFeatures,5,0,0,0,2,0,2,0,2,0
GeoMesa HBase DataStore,org.locationtech.geomesa.hbase.aggregators,HBaseArrowAggregator.,41,0,0,0,4,0,3,0,3,0
GeoMesa HBase DataStore,org.locationtech.geomesa.hbase.aggregators,HBaseVersionAggregator.,34,0,0,0,4,0,3,0,3,0
GeoMesa HBase DataStore,org.locationtech.geomesa.hbase.aggregators,HBaseVersionAggregator,5,0,0,0,0,0,1,0,1,0
GeoMesa HBase DataStore,org.locationtech.geomesa.hbase.aggregators,HBaseBinAggregator.,69,0,0,0,12,0,4,0,4,0
GeoMesa HBase DataStore,org.locationtech.geomesa.hbase.aggregators,HBaseBinAggregator,7,0,0,0,0,0,1,0,1,0
GeoMesa HBase DataStore,org.locationtech.geomesa.hbase.aggregators,HBaseArrowAggregator,9,0,0,0,0,0,1,0,1,0
GeoMesa HBase DataStore,org.locationtech.geomesa.hbase.aggregators,HBaseDensityAggregator,7,0,0,0,0,0,1,0,1,0
GeoMesa HBase DataStore,org.locationtech.geomesa.hbase.aggregators,HBaseStatsAggregator,7,0,0,0,0,0,1,0,1,0
GeoMesa HBase DataStore,org.locationtech.geomesa.hbase.aggregators,HBaseStatsAggregator.,32,0,0,0,4,0,3,0,3,0
GeoMesa HBase DataStore,org.locationtech.geomesa.hbase.aggregators,HBaseDensityAggregator.,32,0,0,0,4,0,3,0,3,0
GeoMesa HBase DataStore,org.locationtech.geomesa.hbase.aggregators,HBaseDensityAggregator.HBaseDensityResultsToFeatures,5,0,0,0,2,0,2,0,2,0
GeoMesa HBase DataStore,org.locationtech.geomesa.hbase.utils,CoprocessorBatchScan,62,0,0,0,9,0,5,0,5,0
GeoMesa HBase DataStore,org.locationtech.geomesa.hbase.utils,EmptyScanner.,27,0,0,0,7,0,8,0,8,0
GeoMesa HBase DataStore,org.locationtech.geomesa.hbase.utils,HBaseBatchScan.RangeScanner,443,0,8,0,13,0,103,0,99,0
GeoMesa HBase DataStore,org.locationtech.geomesa.hbase.utils,HBaseBatchScan.,72,0,4,0,8,0,7,0,5,0
GeoMesa HBase DataStore,org.locationtech.geomesa.hbase.utils,CoprocessorBatchScan.CoprocessorScanner,14,0,0,0,3,0,3,0,3,0
GeoMesa HBase DataStore,org.locationtech.geomesa.hbase.utils,CoprocessorBatchScan..anonfun.scan.new Serializable() {...},28,0,4,0,2,0,5,0,3,0
GeoMesa HBase DataStore,org.locationtech.geomesa.hbase.utils,CoprocessorBatchScan.,88,0,4,0,9,0,8,0,6,0
GeoMesa HBase DataStore,org.locationtech.geomesa.hbase.utils,HBaseBatchScan.HBaseScanner,14,0,0,0,3,0,3,0,3,0
GeoMesa HBase DataStore,org.locationtech.geomesa.hbase.utils,EmptyScanner,26,0,0,0,0,0,8,0,8,0
GeoMesa HBase DataStore,org.locationtech.geomesa.hbase.utils,HBaseBatchScan,42,0,0,0,6,0,5,0,5,0
